Analysis & Synthesis report for Lab_4
Tue Dec 06 12:49:19 2016
Quartus Prime Version 16.0.0 Build 211 04/27/2016 SJ Lite Edition


---------------------
; Table of Contents ;
---------------------
  1. Legal Notice
  2. Analysis & Synthesis Summary
  3. Analysis & Synthesis Settings
  4. Parallel Compilation
  5. Analysis & Synthesis Source Files Read
  6. Analysis & Synthesis Resource Usage Summary
  7. Analysis & Synthesis Resource Utilization by Entity
  8. General Register Statistics
  9. Port Connectivity Checks: "reg_file:rf1"
 10. Port Connectivity Checks: "control_unit:cuut"
 11. Port Connectivity Checks: "ALU:alu1"
 12. Port Connectivity Checks: "instr_fetch:if1"
 13. Post-Synthesis Netlist Statistics for Top Partition
 14. Elapsed Time Per Partition
 15. Analysis & Synthesis Messages



----------------
; Legal Notice ;
----------------
Copyright (C) 1991-2016 Altera Corporation. All rights reserved.
Your use of Altera Corporation's design tools, logic functions 
and other software and tools, and its AMPP partner logic 
functions, and any output files from any of the foregoing 
(including device programming or simulation files), and any 
associated documentation or information are expressly subject 
to the terms and conditions of the Altera Program License 
Subscription Agreement, the Altera Quartus Prime License Agreement,
the Altera MegaCore Function License Agreement, or other 
applicable license agreement, including, without limitation, 
that your use is for the sole purpose of programming logic 
devices manufactured by Altera and sold by Altera or its 
authorized distributors.  Please refer to the applicable 
agreement for further details.



+----------------------------------------------------------------------------------+
; Analysis & Synthesis Summary                                                     ;
+------------------------------------+---------------------------------------------+
; Analysis & Synthesis Status        ; Successful - Tue Dec 06 12:49:18 2016       ;
; Quartus Prime Version              ; 16.0.0 Build 211 04/27/2016 SJ Lite Edition ;
; Revision Name                      ; Lab_4                                       ;
; Top-level Entity Name              ; Lab_4                                       ;
; Family                             ; Cyclone IV E                                ;
; Total logic elements               ; 0                                           ;
;     Total combinational functions  ; 0                                           ;
;     Dedicated logic registers      ; 0                                           ;
; Total registers                    ; 0                                           ;
; Total pins                         ; 10                                          ;
; Total virtual pins                 ; 0                                           ;
; Total memory bits                  ; 0                                           ;
; Embedded Multiplier 9-bit elements ; 0                                           ;
; Total PLLs                         ; 0                                           ;
+------------------------------------+---------------------------------------------+


+----------------------------------------------------------------------------------------------------------------------+
; Analysis & Synthesis Settings                                                                                        ;
+----------------------------------------------------------------------------+--------------------+--------------------+
; Option                                                                     ; Setting            ; Default Value      ;
+----------------------------------------------------------------------------+--------------------+--------------------+
; Top-level entity name                                                      ; Lab_4              ; Lab_4              ;
; Family name                                                                ; Cyclone IV E       ; Cyclone V          ;
; Use smart compilation                                                      ; Off                ; Off                ;
; Enable parallel Assembler and TimeQuest Timing Analyzer during compilation ; On                 ; On                 ;
; Enable compact report table                                                ; Off                ; Off                ;
; Restructure Multiplexers                                                   ; Auto               ; Auto               ;
; Create Debugging Nodes for IP Cores                                        ; Off                ; Off                ;
; Preserve fewer node names                                                  ; On                 ; On                 ;
; Disable OpenCore Plus hardware evaluation                                  ; Off                ; Off                ;
; Verilog Version                                                            ; Verilog_2001       ; Verilog_2001       ;
; VHDL Version                                                               ; VHDL_1993          ; VHDL_1993          ;
; State Machine Processing                                                   ; Auto               ; Auto               ;
; Safe State Machine                                                         ; Off                ; Off                ;
; Extract Verilog State Machines                                             ; On                 ; On                 ;
; Extract VHDL State Machines                                                ; On                 ; On                 ;
; Ignore Verilog initial constructs                                          ; Off                ; Off                ;
; Iteration limit for constant Verilog loops                                 ; 5000               ; 5000               ;
; Iteration limit for non-constant Verilog loops                             ; 250                ; 250                ;
; Add Pass-Through Logic to Inferred RAMs                                    ; On                 ; On                 ;
; Infer RAMs from Raw Logic                                                  ; On                 ; On                 ;
; Parallel Synthesis                                                         ; On                 ; On                 ;
; DSP Block Balancing                                                        ; Auto               ; Auto               ;
; NOT Gate Push-Back                                                         ; On                 ; On                 ;
; Power-Up Don't Care                                                        ; On                 ; On                 ;
; Remove Redundant Logic Cells                                               ; Off                ; Off                ;
; Remove Duplicate Registers                                                 ; On                 ; On                 ;
; Ignore CARRY Buffers                                                       ; Off                ; Off                ;
; Ignore CASCADE Buffers                                                     ; Off                ; Off                ;
; Ignore GLOBAL Buffers                                                      ; Off                ; Off                ;
; Ignore ROW GLOBAL Buffers                                                  ; Off                ; Off                ;
; Ignore LCELL Buffers                                                       ; Off                ; Off                ;
; Ignore SOFT Buffers                                                        ; On                 ; On                 ;
; Limit AHDL Integers to 32 Bits                                             ; Off                ; Off                ;
; Optimization Technique                                                     ; Balanced           ; Balanced           ;
; Carry Chain Length                                                         ; 70                 ; 70                 ;
; Auto Carry Chains                                                          ; On                 ; On                 ;
; Auto Open-Drain Pins                                                       ; On                 ; On                 ;
; Perform WYSIWYG Primitive Resynthesis                                      ; Off                ; Off                ;
; Auto ROM Replacement                                                       ; On                 ; On                 ;
; Auto RAM Replacement                                                       ; On                 ; On                 ;
; Auto DSP Block Replacement                                                 ; On                 ; On                 ;
; Auto Shift Register Replacement                                            ; Auto               ; Auto               ;
; Allow Shift Register Merging across Hierarchies                            ; Auto               ; Auto               ;
; Auto Clock Enable Replacement                                              ; On                 ; On                 ;
; Strict RAM Replacement                                                     ; Off                ; Off                ;
; Allow Synchronous Control Signals                                          ; On                 ; On                 ;
; Force Use of Synchronous Clear Signals                                     ; Off                ; Off                ;
; Auto RAM Block Balancing                                                   ; On                 ; On                 ;
; Auto RAM to Logic Cell Conversion                                          ; Off                ; Off                ;
; Auto Resource Sharing                                                      ; Off                ; Off                ;
; Allow Any RAM Size For Recognition                                         ; Off                ; Off                ;
; Allow Any ROM Size For Recognition                                         ; Off                ; Off                ;
; Allow Any Shift Register Size For Recognition                              ; Off                ; Off                ;
; Use LogicLock Constraints during Resource Balancing                        ; On                 ; On                 ;
; Ignore translate_off and synthesis_off directives                          ; Off                ; Off                ;
; Timing-Driven Synthesis                                                    ; On                 ; On                 ;
; Report Parameter Settings                                                  ; On                 ; On                 ;
; Report Source Assignments                                                  ; On                 ; On                 ;
; Report Connectivity Checks                                                 ; On                 ; On                 ;
; Ignore Maximum Fan-Out Assignments                                         ; Off                ; Off                ;
; Synchronization Register Chain Length                                      ; 2                  ; 2                  ;
; PowerPlay Power Optimization During Synthesis                              ; Normal compilation ; Normal compilation ;
; HDL message level                                                          ; Level2             ; Level2             ;
; Suppress Register Optimization Related Messages                            ; Off                ; Off                ;
; Number of Removed Registers Reported in Synthesis Report                   ; 5000               ; 5000               ;
; Number of Swept Nodes Reported in Synthesis Report                         ; 5000               ; 5000               ;
; Number of Inverted Registers Reported in Synthesis Report                  ; 100                ; 100                ;
; Clock MUX Protection                                                       ; On                 ; On                 ;
; Auto Gated Clock Conversion                                                ; Off                ; Off                ;
; Block Design Naming                                                        ; Auto               ; Auto               ;
; SDC constraint protection                                                  ; Off                ; Off                ;
; Synthesis Effort                                                           ; Auto               ; Auto               ;
; Shift Register Replacement - Allow Asynchronous Clear Signal               ; On                 ; On                 ;
; Pre-Mapping Resynthesis Optimization                                       ; Off                ; Off                ;
; Analysis & Synthesis Message Level                                         ; Medium             ; Medium             ;
; Disable Register Merging Across Hierarchies                                ; Auto               ; Auto               ;
; Resource Aware Inference For Block RAM                                     ; On                 ; On                 ;
; Synthesis Seed                                                             ; 1                  ; 1                  ;
+----------------------------------------------------------------------------+--------------------+--------------------+


Parallel compilation was disabled, but you have multiple processors available. Enable parallel compilation to reduce compilation time.
+-------------------------------------+
; Parallel Compilation                ;
+----------------------------+--------+
; Processors                 ; Number ;
+----------------------------+--------+
; Number detected on machine ; 4      ;
; Maximum allowed            ; 1      ;
+----------------------------+--------+


+--------------------------------------------------------------------------------------------------------------------------------------------------------+
; Analysis & Synthesis Source Files Read                                                                                                                 ;
+----------------------------------+-----------------+------------------------------+----------------------------------------------------------+---------+
; File Name with User-Entered Path ; Used in Netlist ; File Type                    ; File Name with Absolute Path                             ; Library ;
+----------------------------------+-----------------+------------------------------+----------------------------------------------------------+---------+
; reg_file.sv                      ; yes             ; User SystemVerilog HDL File  ; C:/Users/andre/Documents/GitHub/141L_Lab4/reg_file.sv    ;         ;
; Lab_4.sv                         ; yes             ; User SystemVerilog HDL File  ; C:/Users/andre/Documents/GitHub/141L_Lab4/Lab_4.sv       ;         ;
; instr_fetch.sv                   ; yes             ; User SystemVerilog HDL File  ; C:/Users/andre/Documents/GitHub/141L_Lab4/instr_fetch.sv ;         ;
; definitions.sv                   ; yes             ; User SystemVerilog HDL File  ; C:/Users/andre/Documents/GitHub/141L_Lab4/definitions.sv ;         ;
; ALU.sv                           ; yes             ; User SystemVerilog HDL File  ; C:/Users/andre/Documents/GitHub/141L_Lab4/ALU.sv         ;         ;
+----------------------------------+-----------------+------------------------------+----------------------------------------------------------+---------+


+------------------------------------------------------------+
; Analysis & Synthesis Resource Usage Summary                ;
+---------------------------------------------+--------------+
; Resource                                    ; Usage        ;
+---------------------------------------------+--------------+
;                                             ;              ;
; Total combinational functions               ; 0            ;
; Logic element usage by number of LUT inputs ;              ;
;     -- 4 input functions                    ; 0            ;
;     -- 3 input functions                    ; 0            ;
;     -- <=2 input functions                  ; 0            ;
;                                             ;              ;
; Logic elements by mode                      ;              ;
;     -- normal mode                          ; 0            ;
;     -- arithmetic mode                      ; 0            ;
;                                             ;              ;
; Total registers                             ; 0            ;
;     -- Dedicated logic registers            ; 0            ;
;     -- I/O registers                        ; 0            ;
;                                             ;              ;
; I/O pins                                    ; 10           ;
;                                             ;              ;
; Embedded Multiplier 9-bit elements          ; 0            ;
;                                             ;              ;
; Maximum fan-out node                        ; codeInput[0] ;
; Maximum fan-out                             ; 1            ;
; Total fan-out                               ; 10           ;
; Average fan-out                             ; 0.50         ;
+---------------------------------------------+--------------+


+-------------------------------------------------------------------------------------------------------------------------------------------------------------------------------------------+
; Analysis & Synthesis Resource Utilization by Entity                                                                                                                                       ;
+----------------------------+-------------------+--------------+-------------+--------------+---------+-----------+------+--------------+---------------------+-------------+--------------+
; Compilation Hierarchy Node ; LC Combinationals ; LC Registers ; Memory Bits ; DSP Elements ; DSP 9x9 ; DSP 18x18 ; Pins ; Virtual Pins ; Full Hierarchy Name ; Entity Name ; Library Name ;
+----------------------------+-------------------+--------------+-------------+--------------+---------+-----------+------+--------------+---------------------+-------------+--------------+
; |Lab_4                     ; 0 (0)             ; 0 (0)        ; 0           ; 0            ; 0       ; 0         ; 10   ; 0            ; |Lab_4              ; Lab_4       ; work         ;
+----------------------------+-------------------+--------------+-------------+--------------+---------+-----------+------+--------------+---------------------+-------------+--------------+
Note: For table entries with two numbers listed, the numbers in parentheses indicate the number of resources of the given type used by the specific entity alone. The numbers listed outside of parentheses indicate the total resources of the given type used by the specific entity and all of its sub-entities in the hierarchy.


+------------------------------------------------------+
; General Register Statistics                          ;
+----------------------------------------------+-------+
; Statistic                                    ; Value ;
+----------------------------------------------+-------+
; Total registers                              ; 0     ;
; Number of registers using Synchronous Clear  ; 0     ;
; Number of registers using Synchronous Load   ; 0     ;
; Number of registers using Asynchronous Clear ; 0     ;
; Number of registers using Asynchronous Load  ; 0     ;
; Number of registers using Clock Enable       ; 0     ;
; Number of registers using Preset             ; 0     ;
+----------------------------------------------+-------+


+------------------------------------------------------------------------------------------------------------------------------------------------------------------------+
; Port Connectivity Checks: "reg_file:rf1"                                                                                                                               ;
+------+-------+----------+----------------------------------------------------------------------------------------------------------------------------------------------+
; Port ; Type  ; Severity ; Details                                                                                                                                      ;
+------+-------+----------+----------------------------------------------------------------------------------------------------------------------------------------------+
; REG1 ; Input ; Warning  ; Input port expression (2 bits) is smaller than the input port (3 bits) it drives.  Extra input bit(s) "REG1[2..2]" will be connected to GND. ;
; REG2 ; Input ; Warning  ; Input port expression (2 bits) is smaller than the input port (3 bits) it drives.  Extra input bit(s) "REG2[2..2]" will be connected to GND. ;
+------+-------+----------+----------------------------------------------------------------------------------------------------------------------------------------------+


+-----------------------------------------------------------------------------------------------------------------------------------------------------------------------------+
; Port Connectivity Checks: "control_unit:cuut"                                                                                                                               ;
+-----------+-------+----------+----------------------------------------------------------------------------------------------------------------------------------------------+
; Port      ; Type  ; Severity ; Details                                                                                                                                      ;
+-----------+-------+----------+----------------------------------------------------------------------------------------------------------------------------------------------+
; REG1      ; Input ; Warning  ; Declared by entity but not connected by instance. If a default value exists, it will be used.  Otherwise, the port will be connected to GND. ;
; FLAG_REG2 ; Input ; Warning  ; Declared by entity but not connected by instance. If a default value exists, it will be used.  Otherwise, the port will be connected to GND. ;
+-----------+-------+----------+----------------------------------------------------------------------------------------------------------------------------------------------+


+------------------------------------------------------------------------------------------------------------------------------------------+
; Port Connectivity Checks: "ALU:alu1"                                                                                                     ;
+-----------+--------+----------+----------------------------------------------------------------------------------------------------------+
; Port      ; Type   ; Severity ; Details                                                                                                  ;
+-----------+--------+----------+----------------------------------------------------------------------------------------------------------+
; LONG      ; Output ; Info     ; Connected to dangling logic. Logic that only feeds a dangling port will be removed.                      ;
; OVERFLOW  ; Output ; Info     ; Connected to dangling logic. Logic that only feeds a dangling port will be removed.                      ;
; REGWRITE  ; Output ; Info     ; Connected to dangling logic. Logic that only feeds a dangling port will be removed.                      ;
; REGTARGET ; Output ; Info     ; Connected to dangling logic. Logic that only feeds a dangling port will be removed.                      ;
; TARGET    ; Output ; Info     ; Connected to dangling logic. Logic that only feeds a dangling port will be removed.                      ;
; PCOUT     ; Output ; Warning  ; Declared by entity but not connected by instance. Logic that only feeds a dangling port will be removed. ;
+-----------+--------+----------+----------------------------------------------------------------------------------------------------------+


+----------------------------------------------------------------------------------------------------------------------+
; Port Connectivity Checks: "instr_fetch:if1"                                                                          ;
+------------+--------+----------+-------------------------------------------------------------------------------------+
; Port       ; Type   ; Severity ; Details                                                                             ;
+------------+--------+----------+-------------------------------------------------------------------------------------+
; CONST      ; Output ; Info     ; Connected to dangling logic. Logic that only feeds a dangling port will be removed. ;
; TARGET_OUT ; Output ; Info     ; Connected to dangling logic. Logic that only feeds a dangling port will be removed. ;
+------------+--------+----------+-------------------------------------------------------------------------------------+


+-----------------------------------------------------+
; Post-Synthesis Netlist Statistics for Top Partition ;
+-------------------+---------------------------------+
; Type              ; Count                           ;
+-------------------+---------------------------------+
; boundary_port     ; 10                              ;
;                   ;                                 ;
; Max LUT depth     ; 0.00                            ;
; Average LUT depth ; 0.00                            ;
+-------------------+---------------------------------+


+-------------------------------+
; Elapsed Time Per Partition    ;
+----------------+--------------+
; Partition Name ; Elapsed Time ;
+----------------+--------------+
; Top            ; 00:00:00     ;
+----------------+--------------+


+-------------------------------+
; Analysis & Synthesis Messages ;
+-------------------------------+
Info: *******************************************************************
Info: Running Quartus Prime Analysis & Synthesis
    Info: Version 16.0.0 Build 211 04/27/2016 SJ Lite Edition
    Info: Processing started: Tue Dec 06 12:48:45 2016
Info: Command: quartus_map --read_settings_files=on --write_settings_files=off Lab_4 -c Lab_4
Warning (20028): Parallel compilation is not licensed and has been disabled
Info (12021): Found 1 design units, including 1 entities, in source file reg_file.sv
    Info (12023): Found entity 1: reg_file File: C:/Users/andre/Documents/GitHub/141L_Lab4/reg_file.sv Line: 2
Info (12021): Found 1 design units, including 1 entities, in source file lab_4_testbench.sv
    Info (12023): Found entity 1: Lab_4_testchench File: C:/Users/andre/Documents/GitHub/141L_Lab4/Lab_4_testbench.sv Line: 3
Info (12021): Found 2 design units, including 2 entities, in source file lab_4.sv
    Info (12023): Found entity 1: Lab_4 File: C:/Users/andre/Documents/GitHub/141L_Lab4/Lab_4.sv Line: 6
    Info (12023): Found entity 2: control_unit File: C:/Users/andre/Documents/GitHub/141L_Lab4/Lab_4.sv Line: 93
Info (12021): Found 1 design units, including 1 entities, in source file instr_rom.sv
    Info (12023): Found entity 1: InstrROM File: C:/Users/andre/Documents/GitHub/141L_Lab4/instr_rom.sv Line: 3
Info (12021): Found 1 design units, including 1 entities, in source file instr_fetch.sv
    Info (12023): Found entity 1: instr_fetch File: C:/Users/andre/Documents/GitHub/141L_Lab4/instr_fetch.sv Line: 2
Info (12021): Found 1 design units, including 0 entities, in source file definitions.sv
    Info (12022): Found design unit 1: definitions (SystemVerilog) File: C:/Users/andre/Documents/GitHub/141L_Lab4/definitions.sv Line: 2
Info (12021): Found 1 design units, including 1 entities, in source file alu.sv
    Info (12023): Found entity 1: ALU File: C:/Users/andre/Documents/GitHub/141L_Lab4/ALU.sv Line: 12
Info (12127): Elaborating entity "Lab_4" for the top level hierarchy
Info (12128): Elaborating entity "instr_fetch" for hierarchy "instr_fetch:if1" File: C:/Users/andre/Documents/GitHub/141L_Lab4/Lab_4.sv Line: 31
Info (12128): Elaborating entity "ALU" for hierarchy "ALU:alu1" File: C:/Users/andre/Documents/GitHub/141L_Lab4/Lab_4.sv Line: 60
Warning (10036): Verilog HDL or VHDL warning at ALU.sv(28): object "op_mnemonic" assigned a value but never read File: C:/Users/andre/Documents/GitHub/141L_Lab4/ALU.sv Line: 28
Warning (10230): Verilog HDL assignment warning at ALU.sv(51): truncated value with size 32 to match size of target (9) File: C:/Users/andre/Documents/GitHub/141L_Lab4/ALU.sv Line: 51
Warning (10230): Verilog HDL assignment warning at ALU.sv(75): truncated value with size 32 to match size of target (9) File: C:/Users/andre/Documents/GitHub/141L_Lab4/ALU.sv Line: 75
Warning (10230): Verilog HDL assignment warning at ALU.sv(82): truncated value with size 32 to match size of target (9) File: C:/Users/andre/Documents/GitHub/141L_Lab4/ALU.sv Line: 82
Warning (10230): Verilog HDL assignment warning at ALU.sv(106): truncated value with size 32 to match size of target (9) File: C:/Users/andre/Documents/GitHub/141L_Lab4/ALU.sv Line: 106
Warning (10230): Verilog HDL assignment warning at ALU.sv(122): truncated value with size 32 to match size of target (9) File: C:/Users/andre/Documents/GitHub/141L_Lab4/ALU.sv Line: 122
Warning (10230): Verilog HDL assignment warning at ALU.sv(128): truncated value with size 32 to match size of target (9) File: C:/Users/andre/Documents/GitHub/141L_Lab4/ALU.sv Line: 128
Warning (10230): Verilog HDL assignment warning at ALU.sv(135): truncated value with size 32 to match size of target (9) File: C:/Users/andre/Documents/GitHub/141L_Lab4/ALU.sv Line: 135
Warning (10270): Verilog HDL Case Statement warning at ALU.sv(38): incomplete case statement has no default case item File: C:/Users/andre/Documents/GitHub/141L_Lab4/ALU.sv Line: 38
Warning (10240): Verilog HDL Always Construct warning at ALU.sv(32): inferring latch(es) for variable "OVERFLOW", which holds its previous value in one or more paths through the always construct File: C:/Users/andre/Documents/GitHub/141L_Lab4/ALU.sv Line: 32
Warning (10240): Verilog HDL Always Construct warning at ALU.sv(32): inferring latch(es) for variable "PCOUT", which holds its previous value in one or more paths through the always construct File: C:/Users/andre/Documents/GitHub/141L_Lab4/ALU.sv Line: 32
Info (10041): Inferred latch for "PCOUT[0]" at ALU.sv(32) File: C:/Users/andre/Documents/GitHub/141L_Lab4/ALU.sv Line: 32
Info (10041): Inferred latch for "PCOUT[1]" at ALU.sv(32) File: C:/Users/andre/Documents/GitHub/141L_Lab4/ALU.sv Line: 32
Info (10041): Inferred latch for "PCOUT[2]" at ALU.sv(32) File: C:/Users/andre/Documents/GitHub/141L_Lab4/ALU.sv Line: 32
Info (10041): Inferred latch for "PCOUT[3]" at ALU.sv(32) File: C:/Users/andre/Documents/GitHub/141L_Lab4/ALU.sv Line: 32
Info (10041): Inferred latch for "PCOUT[4]" at ALU.sv(32) File: C:/Users/andre/Documents/GitHub/141L_Lab4/ALU.sv Line: 32
Info (10041): Inferred latch for "PCOUT[5]" at ALU.sv(32) File: C:/Users/andre/Documents/GitHub/141L_Lab4/ALU.sv Line: 32
Info (10041): Inferred latch for "PCOUT[6]" at ALU.sv(32) File: C:/Users/andre/Documents/GitHub/141L_Lab4/ALU.sv Line: 32
Info (10041): Inferred latch for "PCOUT[7]" at ALU.sv(32) File: C:/Users/andre/Documents/GitHub/141L_Lab4/ALU.sv Line: 32
Info (10041): Inferred latch for "PCOUT[8]" at ALU.sv(32) File: C:/Users/andre/Documents/GitHub/141L_Lab4/ALU.sv Line: 32
Info (10041): Inferred latch for "OVERFLOW[0]" at ALU.sv(32) File: C:/Users/andre/Documents/GitHub/141L_Lab4/ALU.sv Line: 32
Info (10041): Inferred latch for "OVERFLOW[1]" at ALU.sv(32) File: C:/Users/andre/Documents/GitHub/141L_Lab4/ALU.sv Line: 32
Info (10041): Inferred latch for "OVERFLOW[2]" at ALU.sv(32) File: C:/Users/andre/Documents/GitHub/141L_Lab4/ALU.sv Line: 32
Info (10041): Inferred latch for "OVERFLOW[3]" at ALU.sv(32) File: C:/Users/andre/Documents/GitHub/141L_Lab4/ALU.sv Line: 32
Info (10041): Inferred latch for "OVERFLOW[4]" at ALU.sv(32) File: C:/Users/andre/Documents/GitHub/141L_Lab4/ALU.sv Line: 32
Info (10041): Inferred latch for "OVERFLOW[5]" at ALU.sv(32) File: C:/Users/andre/Documents/GitHub/141L_Lab4/ALU.sv Line: 32
Info (10041): Inferred latch for "OVERFLOW[6]" at ALU.sv(32) File: C:/Users/andre/Documents/GitHub/141L_Lab4/ALU.sv Line: 32
Info (10041): Inferred latch for "OVERFLOW[7]" at ALU.sv(32) File: C:/Users/andre/Documents/GitHub/141L_Lab4/ALU.sv Line: 32
Info (12128): Elaborating entity "control_unit" for hierarchy "control_unit:cuut" File: C:/Users/andre/Documents/GitHub/141L_Lab4/Lab_4.sv Line: 73
Warning (10036): Verilog HDL or VHDL warning at Lab_4.sv(101): object "op_mnemonic" assigned a value but never read File: C:/Users/andre/Documents/GitHub/141L_Lab4/Lab_4.sv Line: 101
Warning (10270): Verilog HDL Case Statement warning at Lab_4.sv(104): incomplete case statement has no default case item File: C:/Users/andre/Documents/GitHub/141L_Lab4/Lab_4.sv Line: 104
Warning (10240): Verilog HDL Always Construct warning at Lab_4.sv(104): inferring latch(es) for variable "mem_dest", which holds its previous value in one or more paths through the always construct File: C:/Users/andre/Documents/GitHub/141L_Lab4/Lab_4.sv Line: 104
Warning (10240): Verilog HDL Always Construct warning at Lab_4.sv(104): inferring latch(es) for variable "reg_dest", which holds its previous value in one or more paths through the always construct File: C:/Users/andre/Documents/GitHub/141L_Lab4/Lab_4.sv Line: 104
Warning (10240): Verilog HDL Always Construct warning at Lab_4.sv(104): inferring latch(es) for variable "mem_wr", which holds its previous value in one or more paths through the always construct File: C:/Users/andre/Documents/GitHub/141L_Lab4/Lab_4.sv Line: 104
Warning (10240): Verilog HDL Always Construct warning at Lab_4.sv(104): inferring latch(es) for variable "reg_wr", which holds its previous value in one or more paths through the always construct File: C:/Users/andre/Documents/GitHub/141L_Lab4/Lab_4.sv Line: 104
Info (10041): Inferred latch for "reg_wr" at Lab_4.sv(104) File: C:/Users/andre/Documents/GitHub/141L_Lab4/Lab_4.sv Line: 104
Info (10041): Inferred latch for "mem_wr" at Lab_4.sv(104) File: C:/Users/andre/Documents/GitHub/141L_Lab4/Lab_4.sv Line: 104
Info (10041): Inferred latch for "reg_dest[0]" at Lab_4.sv(104) File: C:/Users/andre/Documents/GitHub/141L_Lab4/Lab_4.sv Line: 104
Info (10041): Inferred latch for "reg_dest[1]" at Lab_4.sv(104) File: C:/Users/andre/Documents/GitHub/141L_Lab4/Lab_4.sv Line: 104
Info (10041): Inferred latch for "reg_dest[2]" at Lab_4.sv(104) File: C:/Users/andre/Documents/GitHub/141L_Lab4/Lab_4.sv Line: 104
Info (10041): Inferred latch for "mem_dest[0]" at Lab_4.sv(104) File: C:/Users/andre/Documents/GitHub/141L_Lab4/Lab_4.sv Line: 104
Info (10041): Inferred latch for "mem_dest[1]" at Lab_4.sv(104) File: C:/Users/andre/Documents/GitHub/141L_Lab4/Lab_4.sv Line: 104
Info (10041): Inferred latch for "mem_dest[2]" at Lab_4.sv(104) File: C:/Users/andre/Documents/GitHub/141L_Lab4/Lab_4.sv Line: 104
Info (12128): Elaborating entity "reg_file" for hierarchy "reg_file:rf1" File: C:/Users/andre/Documents/GitHub/141L_Lab4/Lab_4.sv Line: 87
Warning (10270): Verilog HDL Case Statement warning at reg_file.sv(29): incomplete case statement has no default case item File: C:/Users/andre/Documents/GitHub/141L_Lab4/reg_file.sv Line: 29
Warning (10240): Verilog HDL Always Construct warning at reg_file.sv(25): inferring latch(es) for variable "REG_Y", which holds its previous value in one or more paths through the always construct File: C:/Users/andre/Documents/GitHub/141L_Lab4/reg_file.sv Line: 25
Warning (10240): Verilog HDL Always Construct warning at reg_file.sv(25): inferring latch(es) for variable "REG_COUNTER", which holds its previous value in one or more paths through the always construct File: C:/Users/andre/Documents/GitHub/141L_Lab4/reg_file.sv Line: 25
Warning (10240): Verilog HDL Always Construct warning at reg_file.sv(25): inferring latch(es) for variable "REG_X", which holds its previous value in one or more paths through the always construct File: C:/Users/andre/Documents/GitHub/141L_Lab4/reg_file.sv Line: 25
Warning (10240): Verilog HDL Always Construct warning at reg_file.sv(25): inferring latch(es) for variable "REG_B", which holds its previous value in one or more paths through the always construct File: C:/Users/andre/Documents/GitHub/141L_Lab4/reg_file.sv Line: 25
Warning (10240): Verilog HDL Always Construct warning at reg_file.sv(25): inferring latch(es) for variable "REG_OUT", which holds its previous value in one or more paths through the always construct File: C:/Users/andre/Documents/GitHub/141L_Lab4/reg_file.sv Line: 25
Warning (10240): Verilog HDL Always Construct warning at reg_file.sv(25): inferring latch(es) for variable "REG_A", which holds its previous value in one or more paths through the always construct File: C:/Users/andre/Documents/GitHub/141L_Lab4/reg_file.sv Line: 25
Info (10041): Inferred latch for "REG_A[0]" at reg_file.sv(28) File: C:/Users/andre/Documents/GitHub/141L_Lab4/reg_file.sv Line: 28
Info (10041): Inferred latch for "REG_A[1]" at reg_file.sv(28) File: C:/Users/andre/Documents/GitHub/141L_Lab4/reg_file.sv Line: 28
Info (10041): Inferred latch for "REG_A[2]" at reg_file.sv(28) File: C:/Users/andre/Documents/GitHub/141L_Lab4/reg_file.sv Line: 28
Info (10041): Inferred latch for "REG_A[3]" at reg_file.sv(28) File: C:/Users/andre/Documents/GitHub/141L_Lab4/reg_file.sv Line: 28
Info (10041): Inferred latch for "REG_A[4]" at reg_file.sv(28) File: C:/Users/andre/Documents/GitHub/141L_Lab4/reg_file.sv Line: 28
Info (10041): Inferred latch for "REG_A[5]" at reg_file.sv(28) File: C:/Users/andre/Documents/GitHub/141L_Lab4/reg_file.sv Line: 28
Info (10041): Inferred latch for "REG_A[6]" at reg_file.sv(28) File: C:/Users/andre/Documents/GitHub/141L_Lab4/reg_file.sv Line: 28
Info (10041): Inferred latch for "REG_A[7]" at reg_file.sv(28) File: C:/Users/andre/Documents/GitHub/141L_Lab4/reg_file.sv Line: 28
Info (10041): Inferred latch for "REG_OUT[0]" at reg_file.sv(28) File: C:/Users/andre/Documents/GitHub/141L_Lab4/reg_file.sv Line: 28
Info (10041): Inferred latch for "REG_OUT[1]" at reg_file.sv(28) File: C:/Users/andre/Documents/GitHub/141L_Lab4/reg_file.sv Line: 28
Info (10041): Inferred latch for "REG_OUT[2]" at reg_file.sv(28) File: C:/Users/andre/Documents/GitHub/141L_Lab4/reg_file.sv Line: 28
Info (10041): Inferred latch for "REG_OUT[3]" at reg_file.sv(28) File: C:/Users/andre/Documents/GitHub/141L_Lab4/reg_file.sv Line: 28
Info (10041): Inferred latch for "REG_OUT[4]" at reg_file.sv(28) File: C:/Users/andre/Documents/GitHub/141L_Lab4/reg_file.sv Line: 28
Info (10041): Inferred latch for "REG_OUT[5]" at reg_file.sv(28) File: C:/Users/andre/Documents/GitHub/141L_Lab4/reg_file.sv Line: 28
Info (10041): Inferred latch for "REG_OUT[6]" at reg_file.sv(28) File: C:/Users/andre/Documents/GitHub/141L_Lab4/reg_file.sv Line: 28
Info (10041): Inferred latch for "REG_OUT[7]" at reg_file.sv(28) File: C:/Users/andre/Documents/GitHub/141L_Lab4/reg_file.sv Line: 28
Info (10041): Inferred latch for "REG_B[0]" at reg_file.sv(28) File: C:/Users/andre/Documents/GitHub/141L_Lab4/reg_file.sv Line: 28
Info (10041): Inferred latch for "REG_B[1]" at reg_file.sv(28) File: C:/Users/andre/Documents/GitHub/141L_Lab4/reg_file.sv Line: 28
Info (10041): Inferred latch for "REG_B[2]" at reg_file.sv(28) File: C:/Users/andre/Documents/GitHub/141L_Lab4/reg_file.sv Line: 28
Info (10041): Inferred latch for "REG_B[3]" at reg_file.sv(28) File: C:/Users/andre/Documents/GitHub/141L_Lab4/reg_file.sv Line: 28
Info (10041): Inferred latch for "REG_B[4]" at reg_file.sv(28) File: C:/Users/andre/Documents/GitHub/141L_Lab4/reg_file.sv Line: 28
Info (10041): Inferred latch for "REG_B[5]" at reg_file.sv(28) File: C:/Users/andre/Documents/GitHub/141L_Lab4/reg_file.sv Line: 28
Info (10041): Inferred latch for "REG_B[6]" at reg_file.sv(28) File: C:/Users/andre/Documents/GitHub/141L_Lab4/reg_file.sv Line: 28
Info (10041): Inferred latch for "REG_B[7]" at reg_file.sv(28) File: C:/Users/andre/Documents/GitHub/141L_Lab4/reg_file.sv Line: 28
Info (10041): Inferred latch for "REG_X[0]" at reg_file.sv(28) File: C:/Users/andre/Documents/GitHub/141L_Lab4/reg_file.sv Line: 28
Info (10041): Inferred latch for "REG_X[1]" at reg_file.sv(28) File: C:/Users/andre/Documents/GitHub/141L_Lab4/reg_file.sv Line: 28
Info (10041): Inferred latch for "REG_X[2]" at reg_file.sv(28) File: C:/Users/andre/Documents/GitHub/141L_Lab4/reg_file.sv Line: 28
Info (10041): Inferred latch for "REG_X[3]" at reg_file.sv(28) File: C:/Users/andre/Documents/GitHub/141L_Lab4/reg_file.sv Line: 28
Info (10041): Inferred latch for "REG_X[4]" at reg_file.sv(28) File: C:/Users/andre/Documents/GitHub/141L_Lab4/reg_file.sv Line: 28
Info (10041): Inferred latch for "REG_X[5]" at reg_file.sv(28) File: C:/Users/andre/Documents/GitHub/141L_Lab4/reg_file.sv Line: 28
Info (10041): Inferred latch for "REG_X[6]" at reg_file.sv(28) File: C:/Users/andre/Documents/GitHub/141L_Lab4/reg_file.sv Line: 28
Info (10041): Inferred latch for "REG_X[7]" at reg_file.sv(28) File: C:/Users/andre/Documents/GitHub/141L_Lab4/reg_file.sv Line: 28
Info (10041): Inferred latch for "REG_COUNTER[0]" at reg_file.sv(28) File: C:/Users/andre/Documents/GitHub/141L_Lab4/reg_file.sv Line: 28
Info (10041): Inferred latch for "REG_COUNTER[1]" at reg_file.sv(28) File: C:/Users/andre/Documents/GitHub/141L_Lab4/reg_file.sv Line: 28
Info (10041): Inferred latch for "REG_COUNTER[2]" at reg_file.sv(28) File: C:/Users/andre/Documents/GitHub/141L_Lab4/reg_file.sv Line: 28
Info (10041): Inferred latch for "REG_COUNTER[3]" at reg_file.sv(28) File: C:/Users/andre/Documents/GitHub/141L_Lab4/reg_file.sv Line: 28
Info (10041): Inferred latch for "REG_COUNTER[4]" at reg_file.sv(28) File: C:/Users/andre/Documents/GitHub/141L_Lab4/reg_file.sv Line: 28
Info (10041): Inferred latch for "REG_COUNTER[5]" at reg_file.sv(28) File: C:/Users/andre/Documents/GitHub/141L_Lab4/reg_file.sv Line: 28
Info (10041): Inferred latch for "REG_COUNTER[6]" at reg_file.sv(28) File: C:/Users/andre/Documents/GitHub/141L_Lab4/reg_file.sv Line: 28
Info (10041): Inferred latch for "REG_COUNTER[7]" at reg_file.sv(28) File: C:/Users/andre/Documents/GitHub/141L_Lab4/reg_file.sv Line: 28
Info (10041): Inferred latch for "REG_Y[0]" at reg_file.sv(28) File: C:/Users/andre/Documents/GitHub/141L_Lab4/reg_file.sv Line: 28
Info (10041): Inferred latch for "REG_Y[1]" at reg_file.sv(28) File: C:/Users/andre/Documents/GitHub/141L_Lab4/reg_file.sv Line: 28
Info (10041): Inferred latch for "REG_Y[2]" at reg_file.sv(28) File: C:/Users/andre/Documents/GitHub/141L_Lab4/reg_file.sv Line: 28
Info (10041): Inferred latch for "REG_Y[3]" at reg_file.sv(28) File: C:/Users/andre/Documents/GitHub/141L_Lab4/reg_file.sv Line: 28
Info (10041): Inferred latch for "REG_Y[4]" at reg_file.sv(28) File: C:/Users/andre/Documents/GitHub/141L_Lab4/reg_file.sv Line: 28
Info (10041): Inferred latch for "REG_Y[5]" at reg_file.sv(28) File: C:/Users/andre/Documents/GitHub/141L_Lab4/reg_file.sv Line: 28
Info (10041): Inferred latch for "REG_Y[6]" at reg_file.sv(28) File: C:/Users/andre/Documents/GitHub/141L_Lab4/reg_file.sv Line: 28
Info (10041): Inferred latch for "REG_Y[7]" at reg_file.sv(28) File: C:/Users/andre/Documents/GitHub/141L_Lab4/reg_file.sv Line: 28
Warning (12241): 3 hierarchies have connectivity warnings - see the Connectivity Checks report folder
Info (16010): Generating hard_block partition "hard_block:auto_generated_inst"
    Info (16011): Adding 0 node(s), including 0 DDIO, 0 PLL, 0 transceiver and 0 LCELL
Warning (21074): Design contains 10 input pin(s) that do not drive logic
    Warning (15610): No output dependent on input pin "codeInput[0]" File: C:/Users/andre/Documents/GitHub/141L_Lab4/Lab_4.sv Line: 7
    Warning (15610): No output dependent on input pin "codeInput[1]" File: C:/Users/andre/Documents/GitHub/141L_Lab4/Lab_4.sv Line: 7
    Warning (15610): No output dependent on input pin "codeInput[2]" File: C:/Users/andre/Documents/GitHub/141L_Lab4/Lab_4.sv Line: 7
    Warning (15610): No output dependent on input pin "codeInput[3]" File: C:/Users/andre/Documents/GitHub/141L_Lab4/Lab_4.sv Line: 7
    Warning (15610): No output dependent on input pin "codeInput[4]" File: C:/Users/andre/Documents/GitHub/141L_Lab4/Lab_4.sv Line: 7
    Warning (15610): No output dependent on input pin "codeInput[5]" File: C:/Users/andre/Documents/GitHub/141L_Lab4/Lab_4.sv Line: 7
    Warning (15610): No output dependent on input pin "codeInput[6]" File: C:/Users/andre/Documents/GitHub/141L_Lab4/Lab_4.sv Line: 7
    Warning (15610): No output dependent on input pin "codeInput[7]" File: C:/Users/andre/Documents/GitHub/141L_Lab4/Lab_4.sv Line: 7
    Warning (15610): No output dependent on input pin "codeInput[8]" File: C:/Users/andre/Documents/GitHub/141L_Lab4/Lab_4.sv Line: 7
    Warning (15610): No output dependent on input pin "clk" File: C:/Users/andre/Documents/GitHub/141L_Lab4/Lab_4.sv Line: 9
Info (21057): Implemented 10 device resources after synthesis - the final resource count might be different
    Info (21058): Implemented 10 input pins
    Info (21059): Implemented 0 output pins
Info: Quartus Prime Analysis & Synthesis was successful. 0 errors, 37 warnings
    Info: Peak virtual memory: 842 megabytes
    Info: Processing ended: Tue Dec 06 12:49:19 2016
    Info: Elapsed time: 00:00:34
    Info: Total CPU time (on all processors): 00:01:16


